[2025-09-08 21:06:59] [INFO] [fastapi_server] [op=04ee5b28ad1f4a268f2343186393259b] [user=-] [aff=-] [act=testRequest] REQUEST_RECEIVED
[2025-09-08 21:08:25] [INFO] [fastapi_server] [op=0b9c00b3b7244cb39282a16ea485e811] [user=-] [aff=-] [act=testRequest] REQUEST_RECEIVED
[2025-09-08 21:08:48] [INFO] [fastapi_server] [op=3e7dbd3df51640c0bdc980cac38754b6] [user=-] [aff=-] [act=testRequest] REQUEST_RECEIVED
[2025-09-08 21:15:48] [INFO] [fastapi_server] [op=e7f18dc3f06c407fac69932ea6c60721] [user=-] [aff=-] [act=testRequest] REQUEST_RECEIVED
[2025-09-08 21:15:48] [INFO] [fastapi_server] [op=e7f18dc3f06c407fac69932ea6c60721] [user=-] [aff=-] [act=testRequest] REQUEST_COMPLETED
[2025-09-08 21:16:19] [INFO] [fastapi_server] [op=f2de1212c899480cb34fecf24d22bfd2] [user=-] [aff=-] [act=testRequest] REQUEST_RECEIVED
[2025-09-08 21:16:19] [INFO] [fastapi_server] [op=f2de1212c899480cb34fecf24d22bfd2] [user=-] [aff=-] [act=testRequest] REQUEST_COMPLETED
[2025-09-08 21:16:53] [INFO] [fastapi_server] [op=1f087dfb00c04f87a789f29dbeb31e6d] [user=-] [aff=-] [act=testRequest] REQUEST_RECEIVED
[2025-09-08 21:16:53] [INFO] [fastapi_server] [op=1f087dfb00c04f87a789f29dbeb31e6d] [user=-] [aff=-] [act=testRequest] REQUEST_COMPLETED
[2025-09-08 21:17:44] [INFO] [fastapi_server] [op=7f828433dd424daaa7f51bc712f5e3b4] [user=-] [aff=-] [act=testRequest] REQUEST_RECEIVED
[2025-09-08 21:17:44] [INFO] [fastapi_server] [op=7f828433dd424daaa7f51bc712f5e3b4] [user=-] [aff=-] [act=testRequest] REQUEST_COMPLETED
[2025-09-08 21:29:59] [INFO] [fastapi_server] [op=fa7d662e604e4796a7d0c9cd83fef332] [user=-] [aff=-] [act=testRequest] REQUEST_RECEIVED
[2025-09-08 21:29:59] [INFO] [fastapi_server] [op=fa7d662e604e4796a7d0c9cd83fef332] [user=-] [aff=-] [act=testRequest] REQUEST_COMPLETED
[2025-09-08 21:32:14] [INFO] [fastapi_server] [op=1cbc9e1f4f024551acb50652085183f3] [user=-] [aff=-] [act=testRequest] REQUEST_RECEIVED
[2025-09-08 21:32:14] [INFO] [fastapi_server] [op=1cbc9e1f4f024551acb50652085183f3] [user=-] [aff=-] [act=testRequest] REQUEST_COMPLETED
[2025-09-08 21:34:36] [INFO] [fastapi_server] [op=604ef9ca0da847d9b91630cadcf89619] [user=-] [aff=-] [act=testRequest] REQUEST_RECEIVED
[2025-09-08 21:34:36] [INFO] [fastapi_server] [op=604ef9ca0da847d9b91630cadcf89619] [user=-] [aff=-] [act=testRequest] REQUEST_COMPLETED
[2025-09-08 21:34:59] [INFO] [fastapi_server] [op=08c195acba384dafac5e393fcbfc797c] [user=-] [aff=-] [act=testRequest] REQUEST_RECEIVED
[2025-09-08 21:34:59] [INFO] [fastapi_server] [op=08c195acba384dafac5e393fcbfc797c] [user=-] [aff=-] [act=testRequest] REQUEST_COMPLETED
[2025-09-09 19:52:17] [INFO] [fastapi_server] [op=e850c55633f74d2fb932a2309588b81e] [user=-] [aff=-] [act=_testRequest] REQUEST_RECEIVED
[2025-09-09 19:52:43] [INFO] [fastapi_server] [op=f4cae580c9ec486aa1113f3546aa3da7] [user=-] [aff=-] [act=_testRequest] REQUEST_RECEIVED
[2025-09-09 19:52:43] [INFO] [fastapi_server] [op=f4cae580c9ec486aa1113f3546aa3da7] [user=-] [aff=-] [act=_testRequest] REQUEST_COMPLETED
[2025-09-09 19:53:14] [INFO] [fastapi_server] [op=5884afb591b04702be21f0a5d9ef7e8d] [user=-] [aff=-] [act=_testRequest] REQUEST_RECEIVED
[2025-09-09 19:53:14] [INFO] [fastapi_server] [op=5884afb591b04702be21f0a5d9ef7e8d] [user=-] [aff=-] [act=_testRequest] REQUEST_COMPLETED
[2025-09-09 19:53:47] [INFO] [fastapi_server] [op=b12172382b8143f6bca7ef6450aa6693] [user=-] [aff=-] [act=_testRequest] REQUEST_RECEIVED
[2025-09-09 19:53:47] [INFO] [fastapi_server] [op=b12172382b8143f6bca7ef6450aa6693] [user=-] [aff=-] [act=_testRequest] REQUEST_COMPLETED
[2025-09-09 19:54:15] [INFO] [fastapi_server] [op=8cee05b8c9a5486bb977a044fa4a5f13] [user=-] [aff=-] [act=_testRequest] REQUEST_RECEIVED
[2025-09-09 19:54:15] [INFO] [fastapi_server] [op=8cee05b8c9a5486bb977a044fa4a5f13] [user=-] [aff=-] [act=_testRequest] REQUEST_COMPLETED
[2025-09-09 19:55:04] [INFO] [fastapi_server] [op=3d01a99896e346ba88782ba0e31d892c] [user=-] [aff=-] [act=_testRequest] REQUEST_RECEIVED
[2025-09-09 19:55:21] [INFO] [fastapi_server] [op=3bf637c60cf24603a9e020248c9e2ba3] [user=-] [aff=-] [act=_testRequest] REQUEST_RECEIVED
[2025-09-09 19:55:32] [INFO] [fastapi_server] [op=879507779137466eac35f5281a5f7a47] [user=-] [aff=-] [act=_testRequest] REQUEST_RECEIVED
[2025-09-09 19:56:28] [INFO] [fastapi_server] [op=c95ddbec195840d39871b22b6ba26a27] [user=-] [aff=-] [act=_testRequest] REQUEST_RECEIVED
[2025-09-09 19:56:28] [INFO] [fastapi_server] [op=c95ddbec195840d39871b22b6ba26a27] [user=-] [aff=-] [act=_testRequest] REQUEST_COMPLETED
[2025-09-09 19:58:06] [INFO] [fastapi_server] [op=ece037f1e3094268a6dc8fe17790f066] [user=-] [aff=-] [act=_testRequest] REQUEST_RECEIVED
[2025-09-09 19:58:06] [INFO] [fastapi_server] [op=ece037f1e3094268a6dc8fe17790f066] [user=-] [aff=-] [act=_testRequest] REQUEST_COMPLETED
[2025-09-14 09:14:15] [INFO] [fastapi_server] [op=23e520a6b99e4dc198701f28ce319667] [user=-] [aff=-] [act=ocrRequest] REQUEST_RECEIVED
[2025-09-14 09:15:06] [INFO] [fastapi_server] [op=7549905ccc78406e931690a9b8fd1eb9] [user=-] [aff=-] [act=ocrRequest] REQUEST_RECEIVED
[2025-09-14 09:15:13] [INFO] [fastapi_server] [op=0d6a919f0b154ba6bd2884b935cb0380] [user=-] [aff=-] [act=ocrRequest] REQUEST_RECEIVED
[2025-09-14 09:15:23] [INFO] [fastapi_server] [op=61ba19e7e5614e418bf5985a4d034194] [user=-] [aff=-] [act=ocrRequest] REQUEST_RECEIVED
[2025-09-14 09:15:48] [INFO] [fastapi_server] [op=27f0899adb1e4acd808e57b10b47eaca] [user=-] [aff=-] [act=ocrRequest] REQUEST_RECEIVED
[2025-09-14 09:16:42] [INFO] [fastapi_server] [op=e42e357127494ba2a5b6677537303422] [user=-] [aff=-] [act=ocrRequest] REQUEST_RECEIVED
[2025-09-14 09:17:13] [INFO] [fastapi_server] [op=fa1df9b92aee428b858dbe39f72bc310] [user=-] [aff=-] [act=ocrRequest] REQUEST_RECEIVED
[2025-09-14 09:18:02] [INFO] [fastapi_server] [op=27b78203217448ee8decd165bde0854d] [user=-] [aff=-] [act=ocrRequest] REQUEST_RECEIVED
[2025-09-14 09:18:20] [INFO] [fastapi_server] [op=026a094f21994f289b0b748621a21834] [user=-] [aff=-] [act=ocrRequest] REQUEST_RECEIVED
[2025-09-14 09:18:28] [INFO] [fastapi_server] [op=cfb3c042f3bf4368b7c8879a1c44d85a] [user=-] [aff=-] [act=ocrRequest] REQUEST_RECEIVED
[2025-09-14 09:18:38] [INFO] [fastapi_server] [op=2580bb4336a54c14abe58a4985ae2105] [user=-] [aff=-] [act=ocrRequest] REQUEST_RECEIVED
[2025-09-14 09:19:45] [INFO] [fastapi_server] [op=4cb25558179849bd9a8945c7df2ca4be] [user=-] [aff=-] [act=ocrRequest] REQUEST_RECEIVED
[2025-09-14 09:20:16] [INFO] [fastapi_server] [op=97af828c407741d09c95985714258cd9] [user=-] [aff=-] [act=ocrRequest] REQUEST_RECEIVED
[2025-09-14 09:20:27] [INFO] [fastapi_server] [op=b1505f82d8fb41c6b346f130e4530c45] [user=-] [aff=-] [act=ocrRequest] REQUEST_RECEIVED
[2025-09-14 09:21:38] [INFO] [fastapi_server] [op=08c59e5ac3e54357984a9479dbe23361] [user=-] [aff=-] [act=ocrRequest] REQUEST_RECEIVED
[2025-09-14 09:21:54] [INFO] [fastapi_server] [op=4c90516f40ce46be935309e17e186496] [user=-] [aff=-] [act=ocrRequest] REQUEST_RECEIVED
